<?xml version="1.0" encoding="UTF-8"?>
<!-- Generated by org.testng.reporters.JUnitReportReporter -->
<testsuite skipped="0" hostname="Justas" name="com.TheGoodGuys.DMS1.AdminCreateUserTest" tests="6" failures="0" timestamp="18 Feb 2020 13:19:05 GMT" time="15.040" errors="0">
  <testcase name="testToCreateNewUser" time="3.685" classname="com.TheGoodGuys.DMS1.AdminCreateUserTest"/>
  <testcase name="testToCreateNewUser" time="2.161" classname="com.TheGoodGuys.DMS1.AdminCreateUserTest"/>
  <testcase name="testToCreateNewUser" time="2.285" classname="com.TheGoodGuys.DMS1.AdminCreateUserTest"/>
  <testcase name="testToCreateNewUser" time="2.103" classname="com.TheGoodGuys.DMS1.AdminCreateUserTest"/>
  <testcase name="testToCreateNewUser" time="2.455" classname="com.TheGoodGuys.DMS1.AdminCreateUserTest"/>
  <testcase name="testToCreateNewUser" time="2.351" classname="com.TheGoodGuys.DMS1.AdminCreateUserTest"/>
</testsuite> <!-- com.TheGoodGuys.DMS1.AdminCreateUserTest -->
